[7.220s] DEBUG:colcon:Command line arguments: ['/usr/bin/colcon', 'build']
[7.221s] DEBUG:colcon:Parsed command line arguments: Namespace(ament_cmake_args=None, base_paths=['.'], build_base='build', catkin_cmake_args=None, catkin_skip_building_tests=False, cmake_args=None, cmake_clean_cache=False, cmake_clean_first=False, cmake_force_configure=False, cmake_target=None, cmake_target_skip_unavailable=False, continue_on_error=False, event_handlers=None, executor='parallel', ignore_user_meta=False, install_base='install', log_base=None, log_level=None, main=<bound method BuildVerb.main of <colcon_core.verb.build.BuildVerb object at 0x7fb51240f2e0>>, merge_install=False, metas=['./colcon.meta'], packages_above=None, packages_above_and_dependencies=None, packages_above_depth=None, packages_end=None, packages_ignore=None, packages_ignore_regex=None, packages_select=None, packages_select_build_failed=False, packages_select_by_dep=None, packages_select_regex=None, packages_select_test_failures=False, packages_skip=None, packages_skip_build_finished=False, packages_skip_by_dep=None, packages_skip_regex=None, packages_skip_test_passed=False, packages_skip_up_to=None, packages_start=None, packages_up_to=None, packages_up_to_regex=None, parallel_workers=6, paths=None, symlink_install=False, test_result_base=None, verb_extension=<colcon_core.verb.build.BuildVerb object at 0x7fb51240f2e0>, verb_name='build', verb_parser=<colcon_defaults.argument_parser.defaults.DefaultArgumentsDecorator object at 0x7fb51240f820>)
[7.421s] Level 1:colcon.colcon_core.package_discovery:discover_packages(colcon_meta) check parameters
[7.421s] Level 1:colcon.colcon_core.package_discovery:discover_packages(recursive) check parameters
[7.421s] Level 1:colcon.colcon_core.package_discovery:discover_packages(ignore) check parameters
[7.422s] Level 1:colcon.colcon_core.package_discovery:discover_packages(path) check parameters
[7.422s] Level 1:colcon.colcon_core.package_discovery:discover_packages(colcon_meta) discover
[7.422s] Level 1:colcon.colcon_core.package_discovery:discover_packages(recursive) discover
[7.422s] INFO:colcon.colcon_core.package_discovery:Crawling recursively for packages in '/home/redback/Redback_ControlSystems/redback_ws'
[7.422s] Level 1:colcon.colcon_core.package_identification:_identify(.) by extensions ['ignore', 'ignore_ament_install']
[7.422s] Level 1:colcon.colcon_core.package_identification:_identify(.) by extension 'ignore'
[7.422s] Level 1:colcon.colcon_core.package_identification:_identify(.) by extension 'ignore_ament_install'
[7.422s] Level 1:colcon.colcon_core.package_identification:_identify(.) by extensions ['colcon_pkg']
[7.422s] Level 1:colcon.colcon_core.package_identification:_identify(.) by extension 'colcon_pkg'
[7.423s] Level 1:colcon.colcon_core.package_identification:_identify(.) by extensions ['colcon_meta']
[7.423s] Level 1:colcon.colcon_core.package_identification:_identify(.) by extension 'colcon_meta'
[7.423s] Level 1:colcon.colcon_core.package_identification:_identify(.) by extensions ['ros']
[7.423s] Level 1:colcon.colcon_core.package_identification:_identify(.) by extension 'ros'
[7.485s] Level 1:colcon.colcon_core.package_identification:_identify(.) by extensions ['cmake', 'python']
[7.488s] Level 1:colcon.colcon_core.package_identification:_identify(.) by extension 'cmake'
[7.489s] Level 1:colcon.colcon_core.package_identification:_identify(.) by extension 'python'
[7.489s] Level 1:colcon.colcon_core.package_identification:_identify(.) by extensions ['python_setup_py']
[7.489s] Level 1:colcon.colcon_core.package_identification:_identify(.) by extension 'python_setup_py'
[7.489s] Level 1:colcon.colcon_core.package_identification:_identify(build) by extensions ['ignore', 'ignore_ament_install']
[7.489s] Level 1:colcon.colcon_core.package_identification:_identify(build) by extension 'ignore'
[7.490s] Level 1:colcon.colcon_core.package_identification:_identify(build) ignored
[7.490s] Level 1:colcon.colcon_core.package_identification:_identify(install) by extensions ['ignore', 'ignore_ament_install']
[7.490s] Level 1:colcon.colcon_core.package_identification:_identify(install) by extension 'ignore'
[7.490s] Level 1:colcon.colcon_core.package_identification:_identify(install) ignored
[7.490s] Level 1:colcon.colcon_core.package_identification:_identify(log) by extensions ['ignore', 'ignore_ament_install']
[7.490s] Level 1:colcon.colcon_core.package_identification:_identify(log) by extension 'ignore'
[7.490s] Level 1:colcon.colcon_core.package_identification:_identify(log) ignored
[7.490s] Level 1:colcon.colcon_core.package_identification:_identify(src) by extensions ['ignore', 'ignore_ament_install']
[7.490s] Level 1:colcon.colcon_core.package_identification:_identify(src) by extension 'ignore'
[7.490s] Level 1:colcon.colcon_core.package_identification:_identify(src) by extension 'ignore_ament_install'
[7.490s] Level 1:colcon.colcon_core.package_identification:_identify(src) by extensions ['colcon_pkg']
[7.491s] Level 1:colcon.colcon_core.package_identification:_identify(src) by extension 'colcon_pkg'
[7.491s] Level 1:colcon.colcon_core.package_identification:_identify(src) by extensions ['colcon_meta']
[7.491s] Level 1:colcon.colcon_core.package_identification:_identify(src) by extension 'colcon_meta'
[7.491s] Level 1:colcon.colcon_core.package_identification:_identify(src) by extensions ['ros']
[7.491s] Level 1:colcon.colcon_core.package_identification:_identify(src) by extension 'ros'
[7.491s] Level 1:colcon.colcon_core.package_identification:_identify(src) by extensions ['cmake', 'python']
[7.491s] Level 1:colcon.colcon_core.package_identification:_identify(src) by extension 'cmake'
[7.491s] Level 1:colcon.colcon_core.package_identification:_identify(src) by extension 'python'
[7.491s] Level 1:colcon.colcon_core.package_identification:_identify(src) by extensions ['python_setup_py']
[7.491s] Level 1:colcon.colcon_core.package_identification:_identify(src) by extension 'python_setup_py'
[7.491s] Level 1:colcon.colcon_core.package_identification:_identify(src/cgal) by extensions ['ignore', 'ignore_ament_install']
[7.492s] Level 1:colcon.colcon_core.package_identification:_identify(src/cgal) by extension 'ignore'
[7.492s] Level 1:colcon.colcon_core.package_identification:_identify(src/cgal) by extension 'ignore_ament_install'
[7.492s] Level 1:colcon.colcon_core.package_identification:_identify(src/cgal) by extensions ['colcon_pkg']
[7.492s] Level 1:colcon.colcon_core.package_identification:_identify(src/cgal) by extension 'colcon_pkg'
[7.492s] Level 1:colcon.colcon_core.package_identification:_identify(src/cgal) by extensions ['colcon_meta']
[7.492s] Level 1:colcon.colcon_core.package_identification:_identify(src/cgal) by extension 'colcon_meta'
[7.492s] Level 1:colcon.colcon_core.package_identification:_identify(src/cgal) by extensions ['ros']
[7.492s] Level 1:colcon.colcon_core.package_identification:_identify(src/cgal) by extension 'ros'
[7.492s] Level 1:colcon.colcon_core.package_identification:_identify(src/cgal) by extensions ['cmake', 'python']
[7.492s] Level 1:colcon.colcon_core.package_identification:_identify(src/cgal) by extension 'cmake'
[12.203s] Level 1:colcon.colcon_core.package_identification:_identify(src/cgal) by extension 'python'
[12.203s] DEBUG:colcon.colcon_core.package_identification:Package 'src/cgal' with type 'cmake' and name 'CGAL'
[12.204s] Level 1:colcon.colcon_core.package_identification:_identify(src/control_systems_pkg) by extensions ['ignore', 'ignore_ament_install']
[12.204s] Level 1:colcon.colcon_core.package_identification:_identify(src/control_systems_pkg) by extension 'ignore'
[12.204s] Level 1:colcon.colcon_core.package_identification:_identify(src/control_systems_pkg) by extension 'ignore_ament_install'
[12.204s] Level 1:colcon.colcon_core.package_identification:_identify(src/control_systems_pkg) by extensions ['colcon_pkg']
[12.204s] Level 1:colcon.colcon_core.package_identification:_identify(src/control_systems_pkg) by extension 'colcon_pkg'
[12.205s] Level 1:colcon.colcon_core.package_identification:_identify(src/control_systems_pkg) by extensions ['colcon_meta']
[12.205s] Level 1:colcon.colcon_core.package_identification:_identify(src/control_systems_pkg) by extension 'colcon_meta'
[12.205s] Level 1:colcon.colcon_core.package_identification:_identify(src/control_systems_pkg) by extensions ['ros']
[12.205s] Level 1:colcon.colcon_core.package_identification:_identify(src/control_systems_pkg) by extension 'ros'
[12.316s] DEBUG:colcon.colcon_core.package_identification:Package 'src/control_systems_pkg' with type 'ros.ament_cmake' and name 'control_systems_pkg'
[12.316s] Level 1:colcon.colcon_core.package_discovery:discover_packages(recursive) using defaults
[12.316s] Level 1:colcon.colcon_core.package_discovery:discover_packages(ignore) discover
[12.316s] Level 1:colcon.colcon_core.package_discovery:discover_packages(ignore) using defaults
[12.316s] Level 1:colcon.colcon_core.package_discovery:discover_packages(path) discover
[12.316s] Level 1:colcon.colcon_core.package_discovery:discover_packages(path) using defaults
[12.483s] Level 5:colcon.colcon_core.verb:set package 'CGAL' build argument 'cmake_args' from command line to 'None'
[12.483s] Level 5:colcon.colcon_core.verb:set package 'CGAL' build argument 'cmake_target' from command line to 'None'
[12.483s] Level 5:colcon.colcon_core.verb:set package 'CGAL' build argument 'cmake_target_skip_unavailable' from command line to 'False'
[12.483s] Level 5:colcon.colcon_core.verb:set package 'CGAL' build argument 'cmake_clean_cache' from command line to 'False'
[12.483s] Level 5:colcon.colcon_core.verb:set package 'CGAL' build argument 'cmake_clean_first' from command line to 'False'
[12.483s] Level 5:colcon.colcon_core.verb:set package 'CGAL' build argument 'cmake_force_configure' from command line to 'False'
[12.483s] Level 5:colcon.colcon_core.verb:set package 'CGAL' build argument 'ament_cmake_args' from command line to 'None'
[12.484s] Level 5:colcon.colcon_core.verb:set package 'CGAL' build argument 'catkin_cmake_args' from command line to 'None'
[12.484s] Level 5:colcon.colcon_core.verb:set package 'CGAL' build argument 'catkin_skip_building_tests' from command line to 'False'
[12.484s] DEBUG:colcon.colcon_core.verb:Building package 'CGAL' with the following arguments: {'ament_cmake_args': None, 'build_base': '/home/redback/Redback_ControlSystems/redback_ws/build/CGAL', 'catkin_cmake_args': None, 'catkin_skip_building_tests': False, 'cmake_args': None, 'cmake_clean_cache': False, 'cmake_clean_first': False, 'cmake_force_configure': False, 'cmake_target': None, 'cmake_target_skip_unavailable': False, 'install_base': '/home/redback/Redback_ControlSystems/redback_ws/install/CGAL', 'merge_install': False, 'path': '/home/redback/Redback_ControlSystems/redback_ws/src/cgal', 'symlink_install': False, 'test_result_base': None}
[12.486s] Level 5:colcon.colcon_core.verb:set package 'control_systems_pkg' build argument 'cmake_args' from command line to 'None'
[12.486s] Level 5:colcon.colcon_core.verb:set package 'control_systems_pkg' build argument 'cmake_target' from command line to 'None'
[12.486s] Level 5:colcon.colcon_core.verb:set package 'control_systems_pkg' build argument 'cmake_target_skip_unavailable' from command line to 'False'
[12.486s] Level 5:colcon.colcon_core.verb:set package 'control_systems_pkg' build argument 'cmake_clean_cache' from command line to 'False'
[12.486s] Level 5:colcon.colcon_core.verb:set package 'control_systems_pkg' build argument 'cmake_clean_first' from command line to 'False'
[12.486s] Level 5:colcon.colcon_core.verb:set package 'control_systems_pkg' build argument 'cmake_force_configure' from command line to 'False'
[12.486s] Level 5:colcon.colcon_core.verb:set package 'control_systems_pkg' build argument 'ament_cmake_args' from command line to 'None'
[12.486s] Level 5:colcon.colcon_core.verb:set package 'control_systems_pkg' build argument 'catkin_cmake_args' from command line to 'None'
[12.486s] Level 5:colcon.colcon_core.verb:set package 'control_systems_pkg' build argument 'catkin_skip_building_tests' from command line to 'False'
[12.486s] DEBUG:colcon.colcon_core.verb:Building package 'control_systems_pkg' with the following arguments: {'ament_cmake_args': None, 'build_base': '/home/redback/Redback_ControlSystems/redback_ws/build/control_systems_pkg', 'catkin_cmake_args': None, 'catkin_skip_building_tests': False, 'cmake_args': None, 'cmake_clean_cache': False, 'cmake_clean_first': False, 'cmake_force_configure': False, 'cmake_target': None, 'cmake_target_skip_unavailable': False, 'install_base': '/home/redback/Redback_ControlSystems/redback_ws/install/control_systems_pkg', 'merge_install': False, 'path': '/home/redback/Redback_ControlSystems/redback_ws/src/control_systems_pkg', 'symlink_install': False, 'test_result_base': None}
[12.487s] INFO:colcon.colcon_core.executor:Executing jobs using 'parallel' executor
[12.489s] DEBUG:colcon.colcon_parallel_executor.executor.parallel:run_until_complete
[12.489s] INFO:colcon.colcon_cmake.task.cmake.build:Building CMake package in '/home/redback/Redback_ControlSystems/redback_ws/src/cgal'
[12.563s] INFO:colcon.colcon_core.plugin_system:Skipping extension 'colcon_core.shell.bat': Not used on non-Windows systems
[12.563s] INFO:colcon.colcon_core.shell:Skip shell extension 'powershell' for command environment: Not usable outside of PowerShell
[12.563s] DEBUG:colcon.colcon_core.shell:Skip shell extension 'dsv' for command environment
[12.599s] DEBUG:colcon.colcon_core.shell:Ignoring prefix path '/opt/ros/galactic'
[12.615s] INFO:colcon.colcon_ros.task.ament_cmake.build:Building ROS package in '/home/redback/Redback_ControlSystems/redback_ws/src/control_systems_pkg' with build type 'ament_cmake'
[12.615s] INFO:colcon.colcon_cmake.task.cmake.build:Building CMake package in '/home/redback/Redback_ControlSystems/redback_ws/src/control_systems_pkg'
[12.616s] INFO:colcon.colcon_core.shell:Skip shell extension 'powershell' for command environment: Not usable outside of PowerShell
[12.616s] DEBUG:colcon.colcon_core.shell:Skip shell extension 'dsv' for command environment
[12.621s] DEBUG:colcon.colcon_core.shell:Ignoring prefix path '/opt/ros/galactic'
[12.636s] DEBUG:colcon.colcon_core.event_handler.log_command:Invoking command in '/home/redback/Redback_ControlSystems/redback_ws/build/CGAL': /usr/bin/cmake /home/redback/Redback_ControlSystems/redback_ws/src/cgal -DCMAKE_INSTALL_PREFIX=/home/redback/Redback_ControlSystems/redback_ws/install/CGAL
[12.725s] DEBUG:colcon.colcon_core.event_handler.log_command:Invoking command in '/home/redback/Redback_ControlSystems/redback_ws/build/control_systems_pkg': CMAKE_PREFIX_PATH=${CMAKE_PREFIX_PATH}:/home/redback/nav2_galactic/install/nav2_simple_commander:/home/redback/nav2_galactic/install/nav2_gazebo_spawner:/opt/ros/galactic /usr/bin/cmake /home/redback/Redback_ControlSystems/redback_ws/src/control_systems_pkg -DCMAKE_INSTALL_PREFIX=/home/redback/Redback_ControlSystems/redback_ws/install/control_systems_pkg
[20.739s] DEBUG:colcon.colcon_core.event_handler.log_command:Invoked command in '/home/redback/Redback_ControlSystems/redback_ws/build/control_systems_pkg' returned '0': CMAKE_PREFIX_PATH=${CMAKE_PREFIX_PATH}:/home/redback/nav2_galactic/install/nav2_simple_commander:/home/redback/nav2_galactic/install/nav2_gazebo_spawner:/opt/ros/galactic /usr/bin/cmake /home/redback/Redback_ControlSystems/redback_ws/src/control_systems_pkg -DCMAKE_INSTALL_PREFIX=/home/redback/Redback_ControlSystems/redback_ws/install/control_systems_pkg
[20.740s] DEBUG:colcon.colcon_core.event_handler.log_command:Invoking command in '/home/redback/Redback_ControlSystems/redback_ws/build/control_systems_pkg': CMAKE_PREFIX_PATH=${CMAKE_PREFIX_PATH}:/home/redback/nav2_galactic/install/nav2_simple_commander:/home/redback/nav2_galactic/install/nav2_gazebo_spawner:/opt/ros/galactic /usr/bin/cmake --build /home/redback/Redback_ControlSystems/redback_ws/build/control_systems_pkg -- -j6 -l6
[20.824s] DEBUG:colcon.colcon_core.event_handler.log_command:Invoked command in '/home/redback/Redback_ControlSystems/redback_ws/build/control_systems_pkg' returned '0': CMAKE_PREFIX_PATH=${CMAKE_PREFIX_PATH}:/home/redback/nav2_galactic/install/nav2_simple_commander:/home/redback/nav2_galactic/install/nav2_gazebo_spawner:/opt/ros/galactic /usr/bin/cmake --build /home/redback/Redback_ControlSystems/redback_ws/build/control_systems_pkg -- -j6 -l6
[20.888s] DEBUG:colcon.colcon_core.event_handler.log_command:Invoking command in '/home/redback/Redback_ControlSystems/redback_ws/build/control_systems_pkg': CMAKE_PREFIX_PATH=${CMAKE_PREFIX_PATH}:/home/redback/nav2_galactic/install/nav2_simple_commander:/home/redback/nav2_galactic/install/nav2_gazebo_spawner:/opt/ros/galactic /usr/bin/cmake --install /home/redback/Redback_ControlSystems/redback_ws/build/control_systems_pkg
[20.921s] Level 1:colcon.colcon_core.environment:create_environment_scripts_only(control_systems_pkg)
[20.923s] DEBUG:colcon.colcon_core.event_handler.log_command:Invoked command in '/home/redback/Redback_ControlSystems/redback_ws/build/control_systems_pkg' returned '0': CMAKE_PREFIX_PATH=${CMAKE_PREFIX_PATH}:/home/redback/nav2_galactic/install/nav2_simple_commander:/home/redback/nav2_galactic/install/nav2_gazebo_spawner:/opt/ros/galactic /usr/bin/cmake --install /home/redback/Redback_ControlSystems/redback_ws/build/control_systems_pkg
[21.179s] Level 1:colcon.colcon_core.environment:checking '/home/redback/Redback_ControlSystems/redback_ws/install/control_systems_pkg' for CMake module files
[21.180s] Level 1:colcon.colcon_core.environment:checking '/home/redback/Redback_ControlSystems/redback_ws/install/control_systems_pkg' for CMake config files
[21.180s] Level 1:colcon.colcon_core.shell:create_environment_hook('control_systems_pkg', 'cmake_prefix_path')
[21.180s] INFO:colcon.colcon_core.shell:Creating environment hook '/home/redback/Redback_ControlSystems/redback_ws/install/control_systems_pkg/share/control_systems_pkg/hook/cmake_prefix_path.ps1'
[21.193s] INFO:colcon.colcon_core.shell:Creating environment descriptor '/home/redback/Redback_ControlSystems/redback_ws/install/control_systems_pkg/share/control_systems_pkg/hook/cmake_prefix_path.dsv'
[21.204s] INFO:colcon.colcon_core.shell:Creating environment hook '/home/redback/Redback_ControlSystems/redback_ws/install/control_systems_pkg/share/control_systems_pkg/hook/cmake_prefix_path.sh'
[21.205s] Level 1:colcon.colcon_core.environment:checking '/home/redback/Redback_ControlSystems/redback_ws/install/control_systems_pkg/bin'
[21.206s] Level 1:colcon.colcon_core.environment:checking '/home/redback/Redback_ControlSystems/redback_ws/install/control_systems_pkg/lib/pkgconfig/control_systems_pkg.pc'
[21.206s] Level 1:colcon.colcon_core.environment:checking '/home/redback/Redback_ControlSystems/redback_ws/install/control_systems_pkg/lib/python3.8/site-packages'
[21.206s] INFO:colcon.colcon_core.shell:Creating package script '/home/redback/Redback_ControlSystems/redback_ws/install/control_systems_pkg/share/control_systems_pkg/package.ps1'
[21.209s] INFO:colcon.colcon_core.shell:Creating package descriptor '/home/redback/Redback_ControlSystems/redback_ws/install/control_systems_pkg/share/control_systems_pkg/package.dsv'
[21.211s] INFO:colcon.colcon_core.shell:Creating package script '/home/redback/Redback_ControlSystems/redback_ws/install/control_systems_pkg/share/control_systems_pkg/package.sh'
[21.212s] INFO:colcon.colcon_core.shell:Creating package script '/home/redback/Redback_ControlSystems/redback_ws/install/control_systems_pkg/share/control_systems_pkg/package.bash'
[21.232s] INFO:colcon.colcon_core.shell:Creating package script '/home/redback/Redback_ControlSystems/redback_ws/install/control_systems_pkg/share/control_systems_pkg/package.zsh'
[21.246s] Level 1:colcon.colcon_core.environment:create_file_with_runtime_dependencies(/home/redback/Redback_ControlSystems/redback_ws/install/control_systems_pkg/share/colcon-core/packages/control_systems_pkg)
[21.254s] DEBUG:colcon.colcon_core.event_handler.log_command:Invoked command in '/home/redback/Redback_ControlSystems/redback_ws/build/CGAL' returned '0': /usr/bin/cmake /home/redback/Redback_ControlSystems/redback_ws/src/cgal -DCMAKE_INSTALL_PREFIX=/home/redback/Redback_ControlSystems/redback_ws/install/CGAL
[21.255s] DEBUG:colcon.colcon_core.event_handler.log_command:Invoking command in '/home/redback/Redback_ControlSystems/redback_ws/build/CGAL': /usr/bin/cmake --build /home/redback/Redback_ControlSystems/redback_ws/build/CGAL -- -j6 -l6
[21.284s] Level 1:colcon.colcon_core.environment:create_environment_scripts_only(control_systems_pkg)
[21.285s] Level 1:colcon.colcon_core.environment:checking '/home/redback/Redback_ControlSystems/redback_ws/install/control_systems_pkg' for CMake module files
[21.285s] Level 1:colcon.colcon_core.environment:checking '/home/redback/Redback_ControlSystems/redback_ws/install/control_systems_pkg' for CMake config files
[21.287s] Level 1:colcon.colcon_core.shell:create_environment_hook('control_systems_pkg', 'cmake_prefix_path')
[21.287s] INFO:colcon.colcon_core.shell:Creating environment hook '/home/redback/Redback_ControlSystems/redback_ws/install/control_systems_pkg/share/control_systems_pkg/hook/cmake_prefix_path.ps1'
[21.288s] INFO:colcon.colcon_core.shell:Creating environment descriptor '/home/redback/Redback_ControlSystems/redback_ws/install/control_systems_pkg/share/control_systems_pkg/hook/cmake_prefix_path.dsv'
[21.288s] INFO:colcon.colcon_core.shell:Creating environment hook '/home/redback/Redback_ControlSystems/redback_ws/install/control_systems_pkg/share/control_systems_pkg/hook/cmake_prefix_path.sh'
[21.289s] Level 1:colcon.colcon_core.environment:checking '/home/redback/Redback_ControlSystems/redback_ws/install/control_systems_pkg/bin'
[21.289s] Level 1:colcon.colcon_core.environment:checking '/home/redback/Redback_ControlSystems/redback_ws/install/control_systems_pkg/lib/pkgconfig/control_systems_pkg.pc'
[21.289s] Level 1:colcon.colcon_core.environment:checking '/home/redback/Redback_ControlSystems/redback_ws/install/control_systems_pkg/lib/python3.8/site-packages'
[21.290s] INFO:colcon.colcon_core.shell:Creating package script '/home/redback/Redback_ControlSystems/redback_ws/install/control_systems_pkg/share/control_systems_pkg/package.ps1'
[21.290s] INFO:colcon.colcon_core.shell:Creating package descriptor '/home/redback/Redback_ControlSystems/redback_ws/install/control_systems_pkg/share/control_systems_pkg/package.dsv'
[21.290s] INFO:colcon.colcon_core.shell:Creating package script '/home/redback/Redback_ControlSystems/redback_ws/install/control_systems_pkg/share/control_systems_pkg/package.sh'
[21.291s] INFO:colcon.colcon_core.shell:Creating package script '/home/redback/Redback_ControlSystems/redback_ws/install/control_systems_pkg/share/control_systems_pkg/package.bash'
[21.291s] INFO:colcon.colcon_core.shell:Creating package script '/home/redback/Redback_ControlSystems/redback_ws/install/control_systems_pkg/share/control_systems_pkg/package.zsh'
[21.292s] Level 1:colcon.colcon_core.environment:create_file_with_runtime_dependencies(/home/redback/Redback_ControlSystems/redback_ws/install/control_systems_pkg/share/colcon-core/packages/control_systems_pkg)
[21.310s] DEBUG:colcon.colcon_core.event_handler.log_command:Invoked command in '/home/redback/Redback_ControlSystems/redback_ws/build/CGAL' returned '0': /usr/bin/cmake --build /home/redback/Redback_ControlSystems/redback_ws/build/CGAL -- -j6 -l6
[21.353s] DEBUG:colcon.colcon_core.event_handler.log_command:Invoking command in '/home/redback/Redback_ControlSystems/redback_ws/build/CGAL': /usr/bin/cmake --install /home/redback/Redback_ControlSystems/redback_ws/build/CGAL
[31.095s] Level 1:colcon.colcon_core.environment:create_environment_scripts_only(CGAL)
[31.096s] Level 1:colcon.colcon_core.environment:checking '/home/redback/Redback_ControlSystems/redback_ws/install/CGAL' for CMake module files
[31.097s] DEBUG:colcon.colcon_core.event_handler.log_command:Invoked command in '/home/redback/Redback_ControlSystems/redback_ws/build/CGAL' returned '0': /usr/bin/cmake --install /home/redback/Redback_ControlSystems/redback_ws/build/CGAL
[31.097s] Level 1:colcon.colcon_core.shell:create_environment_hook('CGAL', 'cmake_module_path')
[31.098s] INFO:colcon.colcon_core.shell:Creating environment hook '/home/redback/Redback_ControlSystems/redback_ws/install/CGAL/share/CGAL/hook/cmake_module_path.ps1'
[31.098s] INFO:colcon.colcon_core.shell:Creating environment descriptor '/home/redback/Redback_ControlSystems/redback_ws/install/CGAL/share/CGAL/hook/cmake_module_path.dsv'
[31.099s] INFO:colcon.colcon_core.shell:Creating environment hook '/home/redback/Redback_ControlSystems/redback_ws/install/CGAL/share/CGAL/hook/cmake_module_path.sh'
[31.099s] Level 1:colcon.colcon_core.shell:create_environment_hook('CGAL', 'cmake_module_path1')
[31.099s] INFO:colcon.colcon_core.shell:Creating environment hook '/home/redback/Redback_ControlSystems/redback_ws/install/CGAL/share/CGAL/hook/cmake_module_path1.ps1'
[31.099s] INFO:colcon.colcon_core.shell:Creating environment descriptor '/home/redback/Redback_ControlSystems/redback_ws/install/CGAL/share/CGAL/hook/cmake_module_path1.dsv'
[31.100s] INFO:colcon.colcon_core.shell:Creating environment hook '/home/redback/Redback_ControlSystems/redback_ws/install/CGAL/share/CGAL/hook/cmake_module_path1.sh'
[31.100s] Level 1:colcon.colcon_core.shell:create_environment_hook('CGAL', 'cmake_module_path1')
[31.100s] INFO:colcon.colcon_core.shell:Creating environment hook '/home/redback/Redback_ControlSystems/redback_ws/install/CGAL/share/CGAL/hook/cmake_module_path1.ps1'
[31.101s] INFO:colcon.colcon_core.shell:Creating environment descriptor '/home/redback/Redback_ControlSystems/redback_ws/install/CGAL/share/CGAL/hook/cmake_module_path1.dsv'
[31.102s] INFO:colcon.colcon_core.shell:Creating environment hook '/home/redback/Redback_ControlSystems/redback_ws/install/CGAL/share/CGAL/hook/cmake_module_path1.sh'
[31.103s] Level 1:colcon.colcon_core.shell:create_environment_hook('CGAL', 'cmake_module_path1')
[31.103s] INFO:colcon.colcon_core.shell:Creating environment hook '/home/redback/Redback_ControlSystems/redback_ws/install/CGAL/share/CGAL/hook/cmake_module_path1.ps1'
[31.104s] INFO:colcon.colcon_core.shell:Creating environment descriptor '/home/redback/Redback_ControlSystems/redback_ws/install/CGAL/share/CGAL/hook/cmake_module_path1.dsv'
[31.105s] INFO:colcon.colcon_core.shell:Creating environment hook '/home/redback/Redback_ControlSystems/redback_ws/install/CGAL/share/CGAL/hook/cmake_module_path1.sh'
[31.106s] Level 1:colcon.colcon_core.shell:create_environment_hook('CGAL', 'cmake_module_path1')
[31.106s] INFO:colcon.colcon_core.shell:Creating environment hook '/home/redback/Redback_ControlSystems/redback_ws/install/CGAL/share/CGAL/hook/cmake_module_path1.ps1'
[31.107s] INFO:colcon.colcon_core.shell:Creating environment descriptor '/home/redback/Redback_ControlSystems/redback_ws/install/CGAL/share/CGAL/hook/cmake_module_path1.dsv'
[31.108s] INFO:colcon.colcon_core.shell:Creating environment hook '/home/redback/Redback_ControlSystems/redback_ws/install/CGAL/share/CGAL/hook/cmake_module_path1.sh'
[31.109s] Level 1:colcon.colcon_core.shell:create_environment_hook('CGAL', 'cmake_module_path1')
[31.110s] INFO:colcon.colcon_core.shell:Creating environment hook '/home/redback/Redback_ControlSystems/redback_ws/install/CGAL/share/CGAL/hook/cmake_module_path1.ps1'
[31.112s] INFO:colcon.colcon_core.shell:Creating environment descriptor '/home/redback/Redback_ControlSystems/redback_ws/install/CGAL/share/CGAL/hook/cmake_module_path1.dsv'
[31.113s] INFO:colcon.colcon_core.shell:Creating environment hook '/home/redback/Redback_ControlSystems/redback_ws/install/CGAL/share/CGAL/hook/cmake_module_path1.sh'
[31.114s] Level 1:colcon.colcon_core.shell:create_environment_hook('CGAL', 'cmake_module_path1')
[31.114s] INFO:colcon.colcon_core.shell:Creating environment hook '/home/redback/Redback_ControlSystems/redback_ws/install/CGAL/share/CGAL/hook/cmake_module_path1.ps1'
[31.115s] INFO:colcon.colcon_core.shell:Creating environment descriptor '/home/redback/Redback_ControlSystems/redback_ws/install/CGAL/share/CGAL/hook/cmake_module_path1.dsv'
[31.115s] INFO:colcon.colcon_core.shell:Creating environment hook '/home/redback/Redback_ControlSystems/redback_ws/install/CGAL/share/CGAL/hook/cmake_module_path1.sh'
[31.116s] Level 1:colcon.colcon_core.shell:create_environment_hook('CGAL', 'cmake_module_path1')
[31.116s] INFO:colcon.colcon_core.shell:Creating environment hook '/home/redback/Redback_ControlSystems/redback_ws/install/CGAL/share/CGAL/hook/cmake_module_path1.ps1'
[31.118s] INFO:colcon.colcon_core.shell:Creating environment descriptor '/home/redback/Redback_ControlSystems/redback_ws/install/CGAL/share/CGAL/hook/cmake_module_path1.dsv'
[31.119s] INFO:colcon.colcon_core.shell:Creating environment hook '/home/redback/Redback_ControlSystems/redback_ws/install/CGAL/share/CGAL/hook/cmake_module_path1.sh'
[31.119s] Level 1:colcon.colcon_core.shell:create_environment_hook('CGAL', 'cmake_module_path1')
[31.120s] INFO:colcon.colcon_core.shell:Creating environment hook '/home/redback/Redback_ControlSystems/redback_ws/install/CGAL/share/CGAL/hook/cmake_module_path1.ps1'
[31.120s] INFO:colcon.colcon_core.shell:Creating environment descriptor '/home/redback/Redback_ControlSystems/redback_ws/install/CGAL/share/CGAL/hook/cmake_module_path1.dsv'
[31.121s] INFO:colcon.colcon_core.shell:Creating environment hook '/home/redback/Redback_ControlSystems/redback_ws/install/CGAL/share/CGAL/hook/cmake_module_path1.sh'
[31.123s] Level 1:colcon.colcon_core.shell:create_environment_hook('CGAL', 'cmake_module_path1')
[31.123s] INFO:colcon.colcon_core.shell:Creating environment hook '/home/redback/Redback_ControlSystems/redback_ws/install/CGAL/share/CGAL/hook/cmake_module_path1.ps1'
[31.124s] INFO:colcon.colcon_core.shell:Creating environment descriptor '/home/redback/Redback_ControlSystems/redback_ws/install/CGAL/share/CGAL/hook/cmake_module_path1.dsv'
[31.125s] INFO:colcon.colcon_core.shell:Creating environment hook '/home/redback/Redback_ControlSystems/redback_ws/install/CGAL/share/CGAL/hook/cmake_module_path1.sh'
[31.126s] Level 1:colcon.colcon_core.shell:create_environment_hook('CGAL', 'cmake_module_path1')
[31.126s] INFO:colcon.colcon_core.shell:Creating environment hook '/home/redback/Redback_ControlSystems/redback_ws/install/CGAL/share/CGAL/hook/cmake_module_path1.ps1'
[31.127s] INFO:colcon.colcon_core.shell:Creating environment descriptor '/home/redback/Redback_ControlSystems/redback_ws/install/CGAL/share/CGAL/hook/cmake_module_path1.dsv'
[31.128s] INFO:colcon.colcon_core.shell:Creating environment hook '/home/redback/Redback_ControlSystems/redback_ws/install/CGAL/share/CGAL/hook/cmake_module_path1.sh'
[31.128s] Level 1:colcon.colcon_core.shell:create_environment_hook('CGAL', 'cmake_module_path1')
[31.129s] INFO:colcon.colcon_core.shell:Creating environment hook '/home/redback/Redback_ControlSystems/redback_ws/install/CGAL/share/CGAL/hook/cmake_module_path1.ps1'
[31.130s] INFO:colcon.colcon_core.shell:Creating environment descriptor '/home/redback/Redback_ControlSystems/redback_ws/install/CGAL/share/CGAL/hook/cmake_module_path1.dsv'
[31.130s] INFO:colcon.colcon_core.shell:Creating environment hook '/home/redback/Redback_ControlSystems/redback_ws/install/CGAL/share/CGAL/hook/cmake_module_path1.sh'
[31.131s] Level 1:colcon.colcon_core.shell:create_environment_hook('CGAL', 'cmake_module_path1')
[31.132s] INFO:colcon.colcon_core.shell:Creating environment hook '/home/redback/Redback_ControlSystems/redback_ws/install/CGAL/share/CGAL/hook/cmake_module_path1.ps1'
[31.132s] INFO:colcon.colcon_core.shell:Creating environment descriptor '/home/redback/Redback_ControlSystems/redback_ws/install/CGAL/share/CGAL/hook/cmake_module_path1.dsv'
[31.133s] INFO:colcon.colcon_core.shell:Creating environment hook '/home/redback/Redback_ControlSystems/redback_ws/install/CGAL/share/CGAL/hook/cmake_module_path1.sh'
[31.134s] Level 1:colcon.colcon_core.shell:create_environment_hook('CGAL', 'cmake_module_path1')
[31.134s] INFO:colcon.colcon_core.shell:Creating environment hook '/home/redback/Redback_ControlSystems/redback_ws/install/CGAL/share/CGAL/hook/cmake_module_path1.ps1'
[31.135s] INFO:colcon.colcon_core.shell:Creating environment descriptor '/home/redback/Redback_ControlSystems/redback_ws/install/CGAL/share/CGAL/hook/cmake_module_path1.dsv'
[31.136s] INFO:colcon.colcon_core.shell:Creating environment hook '/home/redback/Redback_ControlSystems/redback_ws/install/CGAL/share/CGAL/hook/cmake_module_path1.sh'
[31.137s] Level 1:colcon.colcon_core.shell:create_environment_hook('CGAL', 'cmake_module_path1')
[31.137s] INFO:colcon.colcon_core.shell:Creating environment hook '/home/redback/Redback_ControlSystems/redback_ws/install/CGAL/share/CGAL/hook/cmake_module_path1.ps1'
[31.138s] INFO:colcon.colcon_core.shell:Creating environment descriptor '/home/redback/Redback_ControlSystems/redback_ws/install/CGAL/share/CGAL/hook/cmake_module_path1.dsv'
[31.139s] INFO:colcon.colcon_core.shell:Creating environment hook '/home/redback/Redback_ControlSystems/redback_ws/install/CGAL/share/CGAL/hook/cmake_module_path1.sh'
[31.139s] Level 1:colcon.colcon_core.shell:create_environment_hook('CGAL', 'cmake_module_path1')
[31.140s] INFO:colcon.colcon_core.shell:Creating environment hook '/home/redback/Redback_ControlSystems/redback_ws/install/CGAL/share/CGAL/hook/cmake_module_path1.ps1'
[31.141s] INFO:colcon.colcon_core.shell:Creating environment descriptor '/home/redback/Redback_ControlSystems/redback_ws/install/CGAL/share/CGAL/hook/cmake_module_path1.dsv'
[31.141s] INFO:colcon.colcon_core.shell:Creating environment hook '/home/redback/Redback_ControlSystems/redback_ws/install/CGAL/share/CGAL/hook/cmake_module_path1.sh'
[31.142s] Level 1:colcon.colcon_core.shell:create_environment_hook('CGAL', 'cmake_module_path1')
[31.143s] INFO:colcon.colcon_core.shell:Creating environment hook '/home/redback/Redback_ControlSystems/redback_ws/install/CGAL/share/CGAL/hook/cmake_module_path1.ps1'
[31.143s] INFO:colcon.colcon_core.shell:Creating environment descriptor '/home/redback/Redback_ControlSystems/redback_ws/install/CGAL/share/CGAL/hook/cmake_module_path1.dsv'
[31.144s] INFO:colcon.colcon_core.shell:Creating environment hook '/home/redback/Redback_ControlSystems/redback_ws/install/CGAL/share/CGAL/hook/cmake_module_path1.sh'
[31.145s] Level 1:colcon.colcon_core.shell:create_environment_hook('CGAL', 'cmake_module_path1')
[31.145s] INFO:colcon.colcon_core.shell:Creating environment hook '/home/redback/Redback_ControlSystems/redback_ws/install/CGAL/share/CGAL/hook/cmake_module_path1.ps1'
[31.146s] INFO:colcon.colcon_core.shell:Creating environment descriptor '/home/redback/Redback_ControlSystems/redback_ws/install/CGAL/share/CGAL/hook/cmake_module_path1.dsv'
[31.147s] INFO:colcon.colcon_core.shell:Creating environment hook '/home/redback/Redback_ControlSystems/redback_ws/install/CGAL/share/CGAL/hook/cmake_module_path1.sh'
[31.148s] Level 1:colcon.colcon_core.shell:create_environment_hook('CGAL', 'cmake_module_path1')
[31.149s] INFO:colcon.colcon_core.shell:Creating environment hook '/home/redback/Redback_ControlSystems/redback_ws/install/CGAL/share/CGAL/hook/cmake_module_path1.ps1'
[31.149s] INFO:colcon.colcon_core.shell:Creating environment descriptor '/home/redback/Redback_ControlSystems/redback_ws/install/CGAL/share/CGAL/hook/cmake_module_path1.dsv'
[31.150s] INFO:colcon.colcon_core.shell:Creating environment hook '/home/redback/Redback_ControlSystems/redback_ws/install/CGAL/share/CGAL/hook/cmake_module_path1.sh'
[31.151s] Level 1:colcon.colcon_core.shell:create_environment_hook('CGAL', 'cmake_module_path1')
[31.152s] INFO:colcon.colcon_core.shell:Creating environment hook '/home/redback/Redback_ControlSystems/redback_ws/install/CGAL/share/CGAL/hook/cmake_module_path1.ps1'
[31.153s] INFO:colcon.colcon_core.shell:Creating environment descriptor '/home/redback/Redback_ControlSystems/redback_ws/install/CGAL/share/CGAL/hook/cmake_module_path1.dsv'
[31.154s] INFO:colcon.colcon_core.shell:Creating environment hook '/home/redback/Redback_ControlSystems/redback_ws/install/CGAL/share/CGAL/hook/cmake_module_path1.sh'
[31.154s] Level 1:colcon.colcon_core.shell:create_environment_hook('CGAL', 'cmake_module_path1')
[31.155s] INFO:colcon.colcon_core.shell:Creating environment hook '/home/redback/Redback_ControlSystems/redback_ws/install/CGAL/share/CGAL/hook/cmake_module_path1.ps1'
[31.155s] INFO:colcon.colcon_core.shell:Creating environment descriptor '/home/redback/Redback_ControlSystems/redback_ws/install/CGAL/share/CGAL/hook/cmake_module_path1.dsv'
[31.156s] INFO:colcon.colcon_core.shell:Creating environment hook '/home/redback/Redback_ControlSystems/redback_ws/install/CGAL/share/CGAL/hook/cmake_module_path1.sh'
[31.157s] Level 1:colcon.colcon_core.shell:create_environment_hook('CGAL', 'cmake_module_path1')
[31.157s] INFO:colcon.colcon_core.shell:Creating environment hook '/home/redback/Redback_ControlSystems/redback_ws/install/CGAL/share/CGAL/hook/cmake_module_path1.ps1'
[31.158s] INFO:colcon.colcon_core.shell:Creating environment descriptor '/home/redback/Redback_ControlSystems/redback_ws/install/CGAL/share/CGAL/hook/cmake_module_path1.dsv'
[31.159s] INFO:colcon.colcon_core.shell:Creating environment hook '/home/redback/Redback_ControlSystems/redback_ws/install/CGAL/share/CGAL/hook/cmake_module_path1.sh'
[31.160s] Level 1:colcon.colcon_core.shell:create_environment_hook('CGAL', 'cmake_module_path1')
[31.160s] INFO:colcon.colcon_core.shell:Creating environment hook '/home/redback/Redback_ControlSystems/redback_ws/install/CGAL/share/CGAL/hook/cmake_module_path1.ps1'
[31.161s] INFO:colcon.colcon_core.shell:Creating environment descriptor '/home/redback/Redback_ControlSystems/redback_ws/install/CGAL/share/CGAL/hook/cmake_module_path1.dsv'
[31.161s] INFO:colcon.colcon_core.shell:Creating environment hook '/home/redback/Redback_ControlSystems/redback_ws/install/CGAL/share/CGAL/hook/cmake_module_path1.sh'
[31.162s] Level 1:colcon.colcon_core.environment:checking '/home/redback/Redback_ControlSystems/redback_ws/install/CGAL' for CMake config files
[31.168s] Level 1:colcon.colcon_core.shell:create_environment_hook('CGAL', 'cmake_prefix_path')
[31.168s] INFO:colcon.colcon_core.shell:Creating environment hook '/home/redback/Redback_ControlSystems/redback_ws/install/CGAL/share/CGAL/hook/cmake_prefix_path.ps1'
[31.170s] INFO:colcon.colcon_core.shell:Creating environment descriptor '/home/redback/Redback_ControlSystems/redback_ws/install/CGAL/share/CGAL/hook/cmake_prefix_path.dsv'
[31.170s] INFO:colcon.colcon_core.shell:Creating environment hook '/home/redback/Redback_ControlSystems/redback_ws/install/CGAL/share/CGAL/hook/cmake_prefix_path.sh'
[31.170s] Level 1:colcon.colcon_core.environment:checking '/home/redback/Redback_ControlSystems/redback_ws/install/CGAL/lib'
[31.170s] Level 1:colcon.colcon_core.environment:checking '/home/redback/Redback_ControlSystems/redback_ws/install/CGAL/bin'
[31.170s] Level 1:colcon.colcon_core.environment:checking '/home/redback/Redback_ControlSystems/redback_ws/install/CGAL/lib/pkgconfig/CGAL.pc'
[31.171s] Level 1:colcon.colcon_core.environment:checking '/home/redback/Redback_ControlSystems/redback_ws/install/CGAL/lib/python3.8/site-packages'
[31.171s] INFO:colcon.colcon_core.shell:Creating package script '/home/redback/Redback_ControlSystems/redback_ws/install/CGAL/share/CGAL/package.ps1'
[31.171s] INFO:colcon.colcon_core.shell:Creating package descriptor '/home/redback/Redback_ControlSystems/redback_ws/install/CGAL/share/CGAL/package.dsv'
[31.172s] INFO:colcon.colcon_core.shell:Creating package script '/home/redback/Redback_ControlSystems/redback_ws/install/CGAL/share/CGAL/package.sh'
[31.172s] INFO:colcon.colcon_core.shell:Creating package script '/home/redback/Redback_ControlSystems/redback_ws/install/CGAL/share/CGAL/package.bash'
[31.172s] INFO:colcon.colcon_core.shell:Creating package script '/home/redback/Redback_ControlSystems/redback_ws/install/CGAL/share/CGAL/package.zsh'
[31.172s] Level 1:colcon.colcon_core.environment:create_file_with_runtime_dependencies(/home/redback/Redback_ControlSystems/redback_ws/install/CGAL/share/colcon-core/packages/CGAL)
[31.173s] DEBUG:colcon.colcon_parallel_executor.executor.parallel:closing loop
[31.174s] DEBUG:colcon.colcon_parallel_executor.executor.parallel:loop closed
[31.174s] DEBUG:colcon.colcon_parallel_executor.executor.parallel:run_until_complete finished with '0'
[31.176s] DEBUG:colcon.colcon_core.event_reactor:joining thread
[31.220s] INFO:colcon.colcon_core.plugin_system:Skipping extension 'colcon_notification.desktop_notification.terminal_notifier': Not used on non-Darwin systems
[31.220s] INFO:colcon.colcon_core.plugin_system:Skipping extension 'colcon_notification.desktop_notification.win32': Not used on non-Windows systems
[31.220s] INFO:colcon.colcon_notification.desktop_notification:Sending desktop notification using 'notify2'
[31.252s] DEBUG:colcon.colcon_core.event_reactor:joined thread
[31.253s] INFO:colcon.colcon_core.shell:Creating prefix script '/home/redback/Redback_ControlSystems/redback_ws/install/local_setup.ps1'
[31.262s] INFO:colcon.colcon_core.shell:Creating prefix util module '/home/redback/Redback_ControlSystems/redback_ws/install/_local_setup_util_ps1.py'
[31.283s] INFO:colcon.colcon_core.shell:Creating prefix chain script '/home/redback/Redback_ControlSystems/redback_ws/install/setup.ps1'
[31.288s] INFO:colcon.colcon_core.shell:Creating prefix script '/home/redback/Redback_ControlSystems/redback_ws/install/local_setup.sh'
[31.299s] INFO:colcon.colcon_core.shell:Creating prefix util module '/home/redback/Redback_ControlSystems/redback_ws/install/_local_setup_util_sh.py'
[31.299s] INFO:colcon.colcon_core.shell:Creating prefix chain script '/home/redback/Redback_ControlSystems/redback_ws/install/setup.sh'
[31.304s] INFO:colcon.colcon_core.shell:Creating prefix script '/home/redback/Redback_ControlSystems/redback_ws/install/local_setup.bash'
[31.305s] INFO:colcon.colcon_core.shell:Creating prefix chain script '/home/redback/Redback_ControlSystems/redback_ws/install/setup.bash'
[31.309s] INFO:colcon.colcon_core.shell:Creating prefix script '/home/redback/Redback_ControlSystems/redback_ws/install/local_setup.zsh'
[31.311s] INFO:colcon.colcon_core.shell:Creating prefix chain script '/home/redback/Redback_ControlSystems/redback_ws/install/setup.zsh'
