-- The C compiler identification is GNU 9.3.0
-- The CXX compiler identification is GNU 9.3.0
-- Check for working C compiler: /usr/bin/cc
-- Check for working C compiler: /usr/bin/cc -- works
-- Detecting C compiler ABI info
-- Detecting C compiler ABI info - done
-- Detecting C compile features
-- Detecting C compile features - done
-- Check for working CXX compiler: /usr/bin/c++
-- Check for working CXX compiler: /usr/bin/c++ -- works
-- Detecting CXX compiler ABI info
-- Detecting CXX compiler ABI info - done
-- Detecting CXX compile features
-- Detecting CXX compile features - done
-- Found ament_cmake: 1.1.4 (/opt/ros/galactic/share/ament_cmake/cmake)
-- Found PythonInterp: /usr/bin/python3 (found suitable version "3.8.10", minimum required is "3") 
-- Using PYTHON_EXECUTABLE: /usr/bin/python3
-- Found ament_lint_auto: 0.10.6 (/opt/ros/galactic/share/ament_lint_auto/cmake)
-- Added test 'copyright' to check source files copyright and LICENSE
-- Added test 'lint_cmake' to check CMake code style
-- Added test 'xmllint' to check XML markup files
-- Configuring done
-- Generating done
-- Build files have been written to: /home/redback/Redback_ControlSystems/redback_ws/build/control_systems_pkg
-- Install configuration: ""
-- Installing: /home/redback/Redback_ControlSystems/redback_ws/install/control_systems_pkg/share/ament_index/resource_index/package_run_dependencies/control_systems_pkg
-- Installing: /home/redback/Redback_ControlSystems/redback_ws/install/control_systems_pkg/share/ament_index/resource_index/parent_prefix_path/control_systems_pkg
-- Installing: /home/redback/Redback_ControlSystems/redback_ws/install/control_systems_pkg/share/control_systems_pkg/environment/ament_prefix_path.sh
-- Installing: /home/redback/Redback_ControlSystems/redback_ws/install/control_systems_pkg/share/control_systems_pkg/environment/ament_prefix_path.dsv
-- Installing: /home/redback/Redback_ControlSystems/redback_ws/install/control_systems_pkg/share/control_systems_pkg/environment/path.sh
-- Installing: /home/redback/Redback_ControlSystems/redback_ws/install/control_systems_pkg/share/control_systems_pkg/environment/path.dsv
-- Installing: /home/redback/Redback_ControlSystems/redback_ws/install/control_systems_pkg/share/control_systems_pkg/local_setup.bash
-- Installing: /home/redback/Redback_ControlSystems/redback_ws/install/control_systems_pkg/share/control_systems_pkg/local_setup.sh
-- Installing: /home/redback/Redback_ControlSystems/redback_ws/install/control_systems_pkg/share/control_systems_pkg/local_setup.zsh
-- Installing: /home/redback/Redback_ControlSystems/redback_ws/install/control_systems_pkg/share/control_systems_pkg/local_setup.dsv
-- Installing: /home/redback/Redback_ControlSystems/redback_ws/install/control_systems_pkg/share/control_systems_pkg/package.dsv
-- Installing: /home/redback/Redback_ControlSystems/redback_ws/install/control_systems_pkg/share/ament_index/resource_index/packages/control_systems_pkg
-- Installing: /home/redback/Redback_ControlSystems/redback_ws/install/control_systems_pkg/share/control_systems_pkg/cmake/control_systems_pkgConfig.cmake
-- Installing: /home/redback/Redback_ControlSystems/redback_ws/install/control_systems_pkg/share/control_systems_pkg/cmake/control_systems_pkgConfig-version.cmake
-- Installing: /home/redback/Redback_ControlSystems/redback_ws/install/control_systems_pkg/share/control_systems_pkg/package.xml
