[0.107s] Invoking command in '/home/redback/Redback_ControlSystems/redback_ws/build/control_systems_pkg': CMAKE_PREFIX_PATH=${CMAKE_PREFIX_PATH}:/home/redback/nav2_galactic/install/nav2_simple_commander:/home/redback/nav2_galactic/install/nav2_gazebo_spawner:/opt/ros/galactic /usr/bin/cmake /home/redback/Redback_ControlSystems/redback_ws/src/control_systems_pkg -DCMAKE_INSTALL_PREFIX=/home/redback/Redback_ControlSystems/redback_ws/install/control_systems_pkg
[5.394s] -- The C compiler identification is GNU 9.3.0
[5.498s] -- The CXX compiler identification is GNU 9.3.0
[5.574s] -- Check for working C compiler: /usr/bin/cc
[5.818s] -- Check for working C compiler: /usr/bin/cc -- works
[5.842s] -- Detecting C compiler ABI info
[5.960s] -- Detecting C compiler ABI info - done
[5.974s] -- Detecting C compile features
[5.975s] -- Detecting C compile features - done
[5.978s] -- Check for working CXX compiler: /usr/bin/c++
[6.078s] -- Check for working CXX compiler: /usr/bin/c++ -- works
[6.079s] -- Detecting CXX compiler ABI info
[6.172s] -- Detecting CXX compiler ABI info - done
[6.185s] -- Detecting CXX compile features
[6.186s] -- Detecting CXX compile features - done
[6.523s] -- Found ament_cmake: 1.1.4 (/opt/ros/galactic/share/ament_cmake/cmake)
[6.714s] -- Found PythonInterp: /usr/bin/python3 (found suitable version "3.8.10", minimum required is "3") 
[6.714s] -- Using PYTHON_EXECUTABLE: /usr/bin/python3
[7.485s] -- Found ament_lint_auto: 0.10.6 (/opt/ros/galactic/share/ament_lint_auto/cmake)
[8.036s] -- Added test 'copyright' to check source files copyright and LICENSE
[8.066s] -- Added test 'lint_cmake' to check CMake code style
[8.071s] -- Added test 'xmllint' to check XML markup files
[8.111s] -- Configuring done
[8.112s] -- Generating done
[8.115s] -- Build files have been written to: /home/redback/Redback_ControlSystems/redback_ws/build/control_systems_pkg
[8.122s] Invoked command in '/home/redback/Redback_ControlSystems/redback_ws/build/control_systems_pkg' returned '0': CMAKE_PREFIX_PATH=${CMAKE_PREFIX_PATH}:/home/redback/nav2_galactic/install/nav2_simple_commander:/home/redback/nav2_galactic/install/nav2_gazebo_spawner:/opt/ros/galactic /usr/bin/cmake /home/redback/Redback_ControlSystems/redback_ws/src/control_systems_pkg -DCMAKE_INSTALL_PREFIX=/home/redback/Redback_ControlSystems/redback_ws/install/control_systems_pkg
[8.122s] Invoking command in '/home/redback/Redback_ControlSystems/redback_ws/build/control_systems_pkg': CMAKE_PREFIX_PATH=${CMAKE_PREFIX_PATH}:/home/redback/nav2_galactic/install/nav2_simple_commander:/home/redback/nav2_galactic/install/nav2_gazebo_spawner:/opt/ros/galactic /usr/bin/cmake --build /home/redback/Redback_ControlSystems/redback_ws/build/control_systems_pkg -- -j6 -l6
[8.206s] Invoked command in '/home/redback/Redback_ControlSystems/redback_ws/build/control_systems_pkg' returned '0': CMAKE_PREFIX_PATH=${CMAKE_PREFIX_PATH}:/home/redback/nav2_galactic/install/nav2_simple_commander:/home/redback/nav2_galactic/install/nav2_gazebo_spawner:/opt/ros/galactic /usr/bin/cmake --build /home/redback/Redback_ControlSystems/redback_ws/build/control_systems_pkg -- -j6 -l6
[8.271s] Invoking command in '/home/redback/Redback_ControlSystems/redback_ws/build/control_systems_pkg': CMAKE_PREFIX_PATH=${CMAKE_PREFIX_PATH}:/home/redback/nav2_galactic/install/nav2_simple_commander:/home/redback/nav2_galactic/install/nav2_gazebo_spawner:/opt/ros/galactic /usr/bin/cmake --install /home/redback/Redback_ControlSystems/redback_ws/build/control_systems_pkg
[8.289s] -- Install configuration: ""
[8.290s] -- Installing: /home/redback/Redback_ControlSystems/redback_ws/install/control_systems_pkg/share/ament_index/resource_index/package_run_dependencies/control_systems_pkg
[8.291s] -- Installing: /home/redback/Redback_ControlSystems/redback_ws/install/control_systems_pkg/share/ament_index/resource_index/parent_prefix_path/control_systems_pkg
[8.291s] -- Installing: /home/redback/Redback_ControlSystems/redback_ws/install/control_systems_pkg/share/control_systems_pkg/environment/ament_prefix_path.sh
[8.293s] -- Installing: /home/redback/Redback_ControlSystems/redback_ws/install/control_systems_pkg/share/control_systems_pkg/environment/ament_prefix_path.dsv
[8.293s] -- Installing: /home/redback/Redback_ControlSystems/redback_ws/install/control_systems_pkg/share/control_systems_pkg/environment/path.sh
[8.294s] -- Installing: /home/redback/Redback_ControlSystems/redback_ws/install/control_systems_pkg/share/control_systems_pkg/environment/path.dsv
[8.294s] -- Installing: /home/redback/Redback_ControlSystems/redback_ws/install/control_systems_pkg/share/control_systems_pkg/local_setup.bash
[8.295s] -- Installing: /home/redback/Redback_ControlSystems/redback_ws/install/control_systems_pkg/share/control_systems_pkg/local_setup.sh
[8.297s] -- Installing: /home/redback/Redback_ControlSystems/redback_ws/install/control_systems_pkg/share/control_systems_pkg/local_setup.zsh
[8.297s] -- Installing: /home/redback/Redback_ControlSystems/redback_ws/install/control_systems_pkg/share/control_systems_pkg/local_setup.dsv
[8.297s] -- Installing: /home/redback/Redback_ControlSystems/redback_ws/install/control_systems_pkg/share/control_systems_pkg/package.dsv
[8.298s] -- Installing: /home/redback/Redback_ControlSystems/redback_ws/install/control_systems_pkg/share/ament_index/resource_index/packages/control_systems_pkg
[8.298s] -- Installing: /home/redback/Redback_ControlSystems/redback_ws/install/control_systems_pkg/share/control_systems_pkg/cmake/control_systems_pkgConfig.cmake
[8.299s] -- Installing: /home/redback/Redback_ControlSystems/redback_ws/install/control_systems_pkg/share/control_systems_pkg/cmake/control_systems_pkgConfig-version.cmake
[8.301s] -- Installing: /home/redback/Redback_ControlSystems/redback_ws/install/control_systems_pkg/share/control_systems_pkg/package.xml
[8.305s] Invoked command in '/home/redback/Redback_ControlSystems/redback_ws/build/control_systems_pkg' returned '0': CMAKE_PREFIX_PATH=${CMAKE_PREFIX_PATH}:/home/redback/nav2_galactic/install/nav2_simple_commander:/home/redback/nav2_galactic/install/nav2_gazebo_spawner:/opt/ros/galactic /usr/bin/cmake --install /home/redback/Redback_ControlSystems/redback_ws/build/control_systems_pkg
