== CMake setup ==
== CMake setup (DONE) ==

== Setting paths (DONE) ==

== Generate version files ==
== Generate version files (DONE) ==

== Detect external libraries ==
== Detect external libraries (DONE) ==

== Generating build files ==
== Generating build files (DONE) ==

== Setting paths ==
CMake Warning at Installation/cmake/modules/CGAL_enable_end_of_configuration_hook.cmake:99 (message):
  =======================================================================

  CGAL performance notice:

  The variable CMAKE_BUILD_TYPE is set to "".  For performance reasons, you
  should set CMAKE_BUILD_TYPE to "Release".

  Set CGAL_DO_NOT_WARN_ABOUT_CMAKE_BUILD_TYPE to TRUE if you want to disable
  this warning.

  =======================================================================
Call Stack (most recent call first):
  CMakeLists.txt:9999 (CGAL_run_at_the_end_of_configuration)


